<?xml version="1.0" encoding="UTF-8"?>
<robot generator="Robot 7.2.2 (Python 3.13.0 on darwin)" generated="2025-05-27T08:57:31.166573" rpa="false" schemaversion="5">
<suite id="s1" name="Test" source="/Users/chaiyong/Downloads/automated-ui-testing/robottest/test.robot">
<test id="s1-t1" name="Test opening MDN using Chrome" line="13">
<kw name="Open Browser" owner="SeleniumLibrary">
<msg time="2025-05-27T08:57:31.301998" level="INFO">Opening browser 'Chrome' to base url 'https://developer.mozilla.org/en-US/'.</msg>
<msg time="2025-05-27T08:57:31.402405" level="WARN">The chromedriver version (136.0.7103.113) detected in PATH at /Users/chaiyong/Downloads/automated-ui-testing/robottest/chromedriver might not be compatible with the detected chrome version (137.0.7151.41); currently, chromedriver 137.0.7151.40 is recommended for chrome 137.*, so it is advised to delete the driver in PATH and retry</msg>
<arg>${url_mdn}</arg>
<arg>${browser}</arg>
<doc>Opens a new browser instance to the optional ``url``.</doc>
<status status="PASS" start="2025-05-27T08:57:31.301782" elapsed="1.908154"/>
</kw>
<status status="PASS" start="2025-05-27T08:57:31.301000" elapsed="1.909680"/>
</test>
<test id="s1-t2" name="Get the page title and compare" line="16">
<kw name="Get Title" owner="SeleniumLibrary">
<msg time="2025-05-27T08:57:33.217875" level="INFO">${title} = MDN Web Docs</msg>
<var>${title}</var>
<doc>Returns the title of the current page.</doc>
<status status="PASS" start="2025-05-27T08:57:33.211561" elapsed="0.006527"/>
</kw>
<kw name="Should Be Equal As Strings" owner="BuiltIn">
<arg>${title}</arg>
<arg>MDN Web Docs</arg>
<doc>Fails if objects are unequal after converting them to strings.</doc>
<status status="PASS" start="2025-05-27T08:57:33.218456" elapsed="0.000346"/>
</kw>
<status status="PASS" start="2025-05-27T08:57:33.211064" elapsed="0.008053"/>
</test>
<test id="s1-t3" name="Search using the keyword &quot;banana&quot;" line="20">
<kw name="Input Text" owner="SeleniumLibrary">
<msg time="2025-05-27T08:57:33.221604" level="INFO">Typing text 'banana' into text field 'q'.</msg>
<arg>q</arg>
<arg>banana</arg>
<doc>Types the given ``text`` into the text field identified by ``locator``.</doc>
<status status="PASS" start="2025-05-27T08:57:33.219857" elapsed="0.201393"/>
</kw>
<kw name="Submit Form" owner="SeleniumLibrary">
<msg time="2025-05-27T08:57:33.421560" level="INFO">Submitting form 'None'.</msg>
<doc>Submits a form identified by ``locator``.</doc>
<status status="PASS" start="2025-05-27T08:57:33.421455" elapsed="0.075189"/>
</kw>
<kw name="Get Title" owner="SeleniumLibrary">
<msg time="2025-05-27T08:57:33.630065" level="INFO">${title} = Search: "banana"</msg>
<var>${title}</var>
<doc>Returns the title of the current page.</doc>
<status status="PASS" start="2025-05-27T08:57:33.496872" elapsed="0.133261"/>
</kw>
<kw name="Log" owner="BuiltIn">
<msg time="2025-05-27T08:57:33.630582" level="INFO">Page title after search is: Search: "banana" # Logs the title to the console</msg>
<arg>Page title after search is: ${title} # Logs the title to the console</arg>
<doc>Logs the given message with the given level.</doc>
<status status="PASS" start="2025-05-27T08:57:33.630406" elapsed="0.000218"/>
</kw>
<kw name="Should Be Equal As Strings" owner="BuiltIn">
<arg>${title}</arg>
<arg>Search: "banana"</arg>
<doc>Fails if objects are unequal after converting them to strings.</doc>
<status status="PASS" start="2025-05-27T08:57:33.630776" elapsed="0.000528"/>
</kw>
<status status="PASS" start="2025-05-27T08:57:33.219515" elapsed="0.411906"/>
</test>
<kw name="Close Browser" owner="SeleniumLibrary" type="TEARDOWN">
<doc>Closes the current browser.</doc>
<status status="PASS" start="2025-05-27T08:57:33.631826" elapsed="0.093191"/>
</kw>
<status status="PASS" start="2025-05-27T08:57:31.167563" elapsed="2.557551"/>
</suite>
<statistics>
<total>
<stat pass="3" fail="0" skip="0">All Tests</stat>
</total>
<tag>
</tag>
<suite>
<stat name="Test" id="s1" pass="3" fail="0" skip="0">Test</stat>
</suite>
</statistics>
<errors>
<msg time="2025-05-27T08:57:31.402405" level="WARN">The chromedriver version (136.0.7103.113) detected in PATH at /Users/chaiyong/Downloads/automated-ui-testing/robottest/chromedriver might not be compatible with the detected chrome version (137.0.7151.41); currently, chromedriver 137.0.7151.40 is recommended for chrome 137.*, so it is advised to delete the driver in PATH and retry</msg>
</errors>
</robot>
